app/build/intermediates/manifest_merge_blame_file/debug/manifest-merger-blame-debug-report.txt
1<?xml version="1.0" encoding="utf-8"?>
2<manifest xmlns:android="http://schemas.android.com/apk/res/android"
3    package="com.example.android.sqliteweather"
4    android:versionCode="1"
5    android:versionName="1.0" >
6
7    <uses-sdk
8        android:minSdkVersion="21"
8-->src\main\AndroidManifest.xml
9        android:targetSdkVersion="30" />
9-->src\main\AndroidManifest.xml
10
11    <uses-permission android:name="android.permission.INTERNET" />
11-->src\main\AndroidManifest.xml:5:5-67
11-->src\main\AndroidManifest.xml:5:22-64
12
13    <application
13-->src\main\AndroidManifest.xml:7:5-33:19
14        android:allowBackup="true"
14-->src\main\AndroidManifest.xml:8:9-35
15        android:appComponentFactory="androidx.core.app.CoreComponentFactory"
15-->[androidx.core:core:1.3.1] AndroidManifest.xml:24:18-86
16        android:debuggable="true"
17        android:icon="@mipmap/ic_launcher"
17-->src\main\AndroidManifest.xml:9:9-43
18        android:label="@string/app_name"
18-->src\main\AndroidManifest.xml:10:9-41
19        android:roundIcon="@mipmap/ic_launcher_round"
19-->src\main\AndroidManifest.xml:11:9-54
20        android:supportsRtl="true"
20-->src\main\AndroidManifest.xml:12:9-35
21        android:testOnly="true"
22        android:theme="@style/Theme.BasicWeather" >
22-->src\main\AndroidManifest.xml:13:9-50
23        <activity
23-->src\main\AndroidManifest.xml:14:9-16:58
24            android:name="com.example.android.sqliteweather.BookmarkedWeather"
24-->src\main\AndroidManifest.xml:15:13-46
25            android:parentActivityName="com.example.android.sqliteweather.MainActivity" />
25-->src\main\AndroidManifest.xml:16:13-55
26        <activity
26-->src\main\AndroidManifest.xml:17:9-19:58
27            android:name="com.example.android.sqliteweather.SettingsActivity"
27-->src\main\AndroidManifest.xml:18:13-45
28            android:parentActivityName="com.example.android.sqliteweather.MainActivity" />
28-->src\main\AndroidManifest.xml:19:13-55
29        <activity
29-->src\main\AndroidManifest.xml:20:9-22:58
30            android:name="com.example.android.sqliteweather.ForecastDetailActivity"
30-->src\main\AndroidManifest.xml:21:13-51
31            android:parentActivityName="com.example.android.sqliteweather.MainActivity" />
31-->src\main\AndroidManifest.xml:22:13-55
32        <activity
32-->src\main\AndroidManifest.xml:23:9-32:20
33            android:name="com.example.android.sqliteweather.MainActivity"
33-->src\main\AndroidManifest.xml:24:13-41
34            android:launchMode="singleTop"
34-->src\main\AndroidManifest.xml:26:13-43
35            android:theme="@style/Theme.BasicWeather.NoActionBar" >
35-->src\main\AndroidManifest.xml:25:13-66
36            <intent-filter>
36-->src\main\AndroidManifest.xml:27:13-31:29
37                <action android:name="android.intent.action.MAIN" />
37-->src\main\AndroidManifest.xml:28:17-69
37-->src\main\AndroidManifest.xml:28:25-66
38
39                <category android:name="android.intent.category.LAUNCHER" />
39-->src\main\AndroidManifest.xml:30:17-77
39-->src\main\AndroidManifest.xml:30:27-74
40            </intent-filter>
41        </activity>
42
43        <service
43-->[androidx.room:room-runtime:2.2.6] AndroidManifest.xml:25:9-28:40
44            android:name="androidx.room.MultiInstanceInvalidationService"
44-->[androidx.room:room-runtime:2.2.6] AndroidManifest.xml:26:13-74
45            android:directBootAware="true"
45-->[androidx.room:room-runtime:2.2.6] AndroidManifest.xml:27:13-43
46            android:exported="false" />
46-->[androidx.room:room-runtime:2.2.6] AndroidManifest.xml:28:13-37
47    </application>
48
49</manifest>